0 info it worked if it ends with ok
1 verbose cli [ 'node', '/usr/local/bin/npm', 'install', '-g', 'cordova' ]
2 info using npm@2.14.9
3 info using node@v0.12.9
4 verbose install initial load of /usr/local/lib/package.json
5 verbose readDependencies loading dependencies from /usr/local/lib/package.json
6 silly cache add args [ 'cordova', null ]
7 verbose cache add spec cordova
8 silly cache add parsed spec { raw: 'cordova',
8 silly cache add   scope: null,
8 silly cache add   name: 'cordova',
8 silly cache add   rawSpec: '',
8 silly cache add   spec: '*',
8 silly cache add   type: 'range' }
9 silly addNamed cordova@*
10 verbose addNamed "*" is a valid semver range for cordova
11 silly addNameRange { name: 'cordova', range: '*', hasData: false }
12 silly mapToRegistry name cordova
13 silly mapToRegistry using default registry
14 silly mapToRegistry registry https://registry.npmjs.org/
15 silly mapToRegistry uri https://registry.npmjs.org/cordova
16 verbose addNameRange registry:https://registry.npmjs.org/cordova not in flight; fetching
17 verbose request uri https://registry.npmjs.org/cordova
18 verbose request no auth needed
19 info attempt registry request try #1 at 12:21:40 PM
20 verbose request id a6f8a6269bb422e7
21 verbose etag "DBTIGU4NZGC2WUSKYY0PPD83D"
22 http request GET https://registry.npmjs.org/cordova
23 http 304 https://registry.npmjs.org/cordova
24 verbose headers { date: 'Mon, 18 Apr 2016 19:21:40 GMT',
24 verbose headers   via: '1.1 varnish',
24 verbose headers   'cache-control': 'max-age=300',
24 verbose headers   etag: '"DBTIGU4NZGC2WUSKYY0PPD83D"',
24 verbose headers   age: '128',
24 verbose headers   connection: 'keep-alive',
24 verbose headers   'x-served-by': 'cache-atl6238-ATL',
24 verbose headers   'x-cache': 'HIT',
24 verbose headers   'x-cache-hits': '1',
24 verbose headers   'x-timer': 'S1461007300.327994,VS0,VE0',
24 verbose headers   vary: 'Accept-Encoding' }
25 silly get cb [ 304,
25 silly get   { date: 'Mon, 18 Apr 2016 19:21:40 GMT',
25 silly get     via: '1.1 varnish',
25 silly get     'cache-control': 'max-age=300',
25 silly get     etag: '"DBTIGU4NZGC2WUSKYY0PPD83D"',
25 silly get     age: '128',
25 silly get     connection: 'keep-alive',
25 silly get     'x-served-by': 'cache-atl6238-ATL',
25 silly get     'x-cache': 'HIT',
25 silly get     'x-cache-hits': '1',
25 silly get     'x-timer': 'S1461007300.327994,VS0,VE0',
25 silly get     vary: 'Accept-Encoding' } ]
26 verbose etag https://registry.npmjs.org/cordova from cache
27 verbose get saving cordova to /Users/user117062/.npm/registry.npmjs.org/cordova/.cache.json
28 silly addNameRange number 2 { name: 'cordova', range: '*', hasData: true }
29 silly addNameRange versions [ 'cordova',
29 silly addNameRange   [ '0.0.1',
29 silly addNameRange     '0.0.2',
29 silly addNameRange     '0.0.3',
29 silly addNameRange     '0.0.4',
29 silly addNameRange     '0.0.5',
29 silly addNameRange     '0.0.6',
29 silly addNameRange     '0.0.7',
29 silly addNameRange     '0.0.8',
29 silly addNameRange     '0.0.9',
29 silly addNameRange     '0.1.0',
29 silly addNameRange     '0.1.1',
29 silly addNameRange     '0.1.2',
29 silly addNameRange     '0.1.3',
29 silly addNameRange     '0.1.4',
29 silly addNameRange     '0.1.5',
29 silly addNameRange     '0.1.6',
29 silly addNameRange     '0.1.7',
29 silly addNameRange     '0.1.8',
29 silly addNameRange     '0.1.9',
29 silly addNameRange     '0.1.10',
29 silly addNameRange     '0.1.11',
29 silly addNameRange     '0.1.12',
29 silly addNameRange     '0.1.13',
29 silly addNameRange     '0.1.14',
29 silly addNameRange     '2.2.0',
29 silly addNameRange     '2.3.0',
29 silly addNameRange     '2.3.1',
29 silly addNameRange     '2.3.2',
29 silly addNameRange     '2.3.3',
29 silly addNameRange     '2.3.5',
29 silly addNameRange     '2.3.6',
29 silly addNameRange     '2.4.0',
29 silly addNameRange     '2.4.1',
29 silly addNameRange     '2.4.2',
29 silly addNameRange     '2.4.3',
29 silly addNameRange     '2.4.4',
29 silly addNameRange     '2.4.5',
29 silly addNameRange     '2.4.6',
29 silly addNameRange     '2.4.7',
29 silly addNameRange     '2.4.8',
29 silly addNameRange     '2.4.9',
29 silly addNameRange     '2.4.10',
29 silly addNameRange     '2.5.0',
29 silly addNameRange     '2.5.2',
29 silly addNameRange     '2.5.3',
29 silly addNameRange     '2.5.4',
29 silly addNameRange     '2.5.5',
29 silly addNameRange     '2.6.0',
29 silly addNameRange     '2.6.1',
29 silly addNameRange     '2.6.2',
29 silly addNameRange     '2.7.0-rc.1',
29 silly addNameRange     '2.7.1-rc.1',
29 silly addNameRange     '2.7.2',
29 silly addNameRange     '2.7.3',
29 silly addNameRange     '2.7.4',
29 silly addNameRange     '2.8.0',
29 silly addNameRange     '2.8.1',
29 silly addNameRange     '2.8.2',
29 silly addNameRange     '2.8.3',
29 silly addNameRange     '2.8.4',
29 silly addNameRange     '2.8.5',
29 silly addNameRange     '2.8.6',
29 silly addNameRange     '2.8.7',
29 silly addNameRange     '2.8.8',
29 silly addNameRange     '2.8.9',
29 silly addNameRange     '2.8.10',
29 silly addNameRange     '2.8.11',
29 silly addNameRange     '2.8.12',
29 silly addNameRange     '2.8.13',
29 silly addNameRange     '2.8.14',
29 silly addNameRange     '2.8.15',
29 silly addNameRange     '2.8.16',
29 silly addNameRange     '2.8.17',
29 silly addNameRange     '2.8.18',
29 silly addNameRange     '2.8.19',
29 silly addNameRange     '2.8.20',
29 silly addNameRange     '2.8.21',
29 silly addNameRange     '2.8.22',
29 silly addNameRange     '2.8.23',
29 silly addNameRange     '2.8.24',
29 silly addNameRange     '2.8.25',
29 silly addNameRange     '2.9.0',
29 silly addNameRange     '2.9.1',
29 silly addNameRange     '2.9.2',
29 silly addNameRange     '2.9.3',
29 silly addNameRange     '2.9.4',
29 silly addNameRange     '2.9.5',
29 silly addNameRange     '2.9.6',
29 silly addNameRange     '2.9.7',
29 silly addNameRange     '3.0.0-rc1',
29 silly addNameRange     '3.0.0-rc1-1',
29 silly addNameRange     '3.0.0-rc1-3',
29 silly addNameRange     '3.0.0',
29 silly addNameRange     '3.0.1',
29 silly addNameRange     '3.0.2',
29 silly addNameRange     '3.0.3',
29 silly addNameRange     '3.0.4',
29 silly addNameRange     '3.0.5',
29 silly addNameRange     '3.0.6',
29 silly addNameRange     '3.0.7',
29 silly addNameRange     '3.0.8',
29 silly addNameRange     '3.0.9',
29 silly addNameRange     '3.0.10',
29 silly addNameRange     '3.1.0-0.1.0',
29 silly addNameRange     '3.1.0-0.2.0',
29 silly addNameRange     '3.2.0-rc.1',
29 silly addNameRange     '3.2.0-0.1.0',
29 silly addNameRange     '3.2.0-0.2.0',
29 silly addNameRange     '3.2.0-0.3.0',
29 silly addNameRange     '3.2.0-0.4.0',
29 silly addNameRange     '3.3.0-rc.1',
29 silly addNameRange     '3.3.0-0.1.1',
29 silly addNameRange     '3.3.1-0.1.2',
29 silly addNameRange     '2.9.0-rc1',
29 silly addNameRange     '3.3.1-0.3.0',
29 silly addNameRange     '3.3.1-0.3.1',
29 silly addNameRange     '3.3.1-0.4.1',
29 silly addNameRange     '3.3.1-0.4.2',
29 silly addNameRange     '3.4.0-0.1.0',
29 silly addNameRange     '3.4.0-0.1.1',
29 silly addNameRange     '3.4.0-0.1.2',
29 silly addNameRange     '3.4.0-0.1.3',
29 silly addNameRange     '0.0.0-fake',
29 silly addNameRange     '3.4.1-0.1.0',
29 silly addNameRange     '3.5.0-0.2.0',
29 silly addNameRange     '3.5.0-0.2.1',
29 silly addNameRange     '3.5.0-0.2.2',
29 silly addNameRange     '3.5.0-0.2.3',
29 silly addNameRange     '3.5.0-0.2.4',
29 silly addNameRange     '3.5.0-0.2.6',
29 silly addNameRange     '3.5.0-0.2.7',
29 silly addNameRange     '3.6.0-0.2.8',
29 silly addNameRange     '3.6.0-0.2.9',
29 silly addNameRange     '3.6.1-0.2.10',
29 silly addNameRange     '3.6.3-0.2.11',
29 silly addNameRange     '3.6.3-0.2.12',
29 silly addNameRange     '3.6.3-0.2.13',
29 silly addNameRange     '4.0.0',
29 silly addNameRange     '4.0.1',
29 silly addNameRange     '4.1.0',
29 silly addNameRange     '4.1.1',
29 silly addNameRange     '4.1.2',
29 silly addNameRange     '4.1.3-nightly.2014.10.21',
29 silly addNameRange     '4.2.0',
29 silly addNameRange     '4.3.0',
29 silly addNameRange     '5.0.0',
29 silly addNameRange     '4.3.1',
29 silly addNameRange     '5.1.1',
29 silly addNameRange     '5.2.0',
29 silly addNameRange     '5.3.1',
29 silly addNameRange     '5.3.3',
29 silly addNameRange     '5.4.0',
29 silly addNameRange     '5.4.1',
29 silly addNameRange     '6.0.0',
29 silly addNameRange     '6.1.0',
29 silly addNameRange     '6.1.1' ] ]
30 silly addNamed cordova@6.1.1
31 verbose addNamed "6.1.1" is a plain semver version for cordova
32 silly cache afterAdd cordova@6.1.1
33 verbose afterAdd /Users/user117062/.npm/cordova/6.1.1/package/package.json not in flight; writing
34 verbose afterAdd /Users/user117062/.npm/cordova/6.1.1/package/package.json written
35 silly install resolved [ { name: 'cordova',
35 silly install resolved     version: '6.1.1',
35 silly install resolved     preferGlobal: 'true',
35 silly install resolved     description: 'Cordova command line interface tool',
35 silly install resolved     main: 'cordova',
35 silly install resolved     engines: { node: '>=0.9.9' },
35 silly install resolved     engineStrict: true,
35 silly install resolved     bin: { cordova: './bin/cordova' },
35 silly install resolved     scripts:
35 silly install resolved      { test: 'node node_modules/jasmine-node/bin/jasmine-node --captureExceptions --color spec',
35 silly install resolved        cover: 'node node_modules/istanbul/lib/cli.js cover --root src --print detail node_modules/jasmine-node/bin/jasmine-node -- spec' },
35 silly install resolved     repository:
35 silly install resolved      { type: 'git',
35 silly install resolved        url: 'https://git-wip-us.apache.org/repos/asf/cordova-cli.git' },
35 silly install resolved     bugs:
35 silly install resolved      { url: 'https://issues.apache.org/jira/browse/CB',
35 silly install resolved        email: 'dev@cordova.apache.org' },
35 silly install resolved     keywords: [ 'cordova', 'client', 'cli' ],
35 silly install resolved     dependencies:
35 silly install resolved      { ansi: '^0.3.0',
35 silly install resolved        'cordova-lib': '6.1.1',
35 silly install resolved        'cordova-common': '^1.1.0',
35 silly install resolved        q: '1.0.1',
35 silly install resolved        nopt: '3.0.1',
35 silly install resolved        underscore: '1.7.0',
35 silly install resolved        'update-notifier': '^0.5.0' },
35 silly install resolved     devDependencies:
35 silly install resolved      { istanbul: '^0.3.4',
35 silly install resolved        grunt: '0.4.5',
35 silly install resolved        'grunt-retire': '0.3.7',
35 silly install resolved        'jasmine-node': '1.14.5' },
35 silly install resolved     author: { name: 'Anis Kadri' },
35 silly install resolved     contributors:
35 silly install resolved      [ [Object],
35 silly install resolved        [Object],
35 silly install resolved        [Object],
35 silly install resolved        [Object],
35 silly install resolved        [Object],
35 silly install resolved        [Object],
35 silly install resolved        [Object],
35 silly install resolved        [Object],
35 silly install resolved        [Object],
35 silly install resolved        [Object],
35 silly install resolved        [Object],
35 silly install resolved        [Object],
35 silly install resolved        [Object],
35 silly install resolved        [Object],
35 silly install resolved        [Object],
35 silly install resolved        [Object],
35 silly install resolved        [Object],
35 silly install resolved        [Object],
35 silly install resolved        [Object],
35 silly install resolved        [Object],
35 silly install resolved        [Object],
35 silly install resolved        [Object],
35 silly install resolved        [Object],
35 silly install resolved        [Object] ],
35 silly install resolved     license: 'Apache-2.0',
35 silly install resolved     _id: 'cordova@6.1.1',
35 silly install resolved     _shasum: '156488fe453182941e6034516d4e0f2f85dd47bc',
35 silly install resolved     _resolved: 'https://registry.npmjs.org/cordova/-/cordova-6.1.1.tgz',
35 silly install resolved     _from: 'cordova@*',
35 silly install resolved     _npmVersion: '3.8.3',
35 silly install resolved     _nodeVersion: '5.9.1',
35 silly install resolved     _npmUser:
35 silly install resolved      { name: 'kotikov.vladimir',
35 silly install resolved        email: 'kotikov.vladimir@gmail.com' },
35 silly install resolved     dist:
35 silly install resolved      { shasum: '156488fe453182941e6034516d4e0f2f85dd47bc',
35 silly install resolved        tarball: 'https://registry.npmjs.org/cordova/-/cordova-6.1.1.tgz' },
35 silly install resolved     maintainers:
35 silly install resolved      [ [Object],
35 silly install resolved        [Object],
35 silly install resolved        [Object],
35 silly install resolved        [Object],
35 silly install resolved        [Object],
35 silly install resolved        [Object],
35 silly install resolved        [Object],
35 silly install resolved        [Object],
35 silly install resolved        [Object],
35 silly install resolved        [Object],
35 silly install resolved        [Object],
35 silly install resolved        [Object],
35 silly install resolved        [Object],
35 silly install resolved        [Object],
35 silly install resolved        [Object],
35 silly install resolved        [Object],
35 silly install resolved        [Object],
35 silly install resolved        [Object] ],
35 silly install resolved     _npmOperationalInternal:
35 silly install resolved      { host: 'packages-12-west.internal.npmjs.com',
35 silly install resolved        tmp: 'tmp/cordova-6.1.1.tgz_1459545459074_0.8951308054383844' },
35 silly install resolved     directories: {},
35 silly install resolved     readme: 'ERROR: No README data found!' } ]
36 info install cordova@6.1.1 into /usr/local/lib
37 info installOne cordova@6.1.1
38 verbose installOne of cordova to /usr/local/lib not in flight; installing
39 verbose lock using /Users/user117062/.npm/_locks/cordova-fa12e2e096426a32.lock for /usr/local/lib/node_modules/cordova
40 silly install write writing cordova 6.1.1 to /usr/local/lib/node_modules/cordova
41 verbose unbuild lib/node_modules/cordova
42 info preuninstall cordova@6.0.0
43 info uninstall cordova@6.0.0
44 verbose unbuild rmStuff cordova@6.0.0 from /usr/local/lib/node_modules
45 silly gentlyRm /usr/local/bin/cordova is being gently removed
46 silly gentlyRm verifying /usr/local is an npm working directory
47 silly gentlyRm containing path /usr/local is under npm's control, in /usr/local
48 silly gentlyRm deletion target /usr/local/bin/cordova is under /usr/local
49 verbose gentlyRm vacuuming from /usr/local/bin/cordova up to /usr/local
50 silly vacuum-fs removing /usr/local/bin/cordova
51 verbose unlock done using /Users/user117062/.npm/_locks/cordova-fa12e2e096426a32.lock for /usr/local/lib/node_modules/cordova
52 verbose stack Error: EACCES, unlink '/usr/local/bin/cordova'
52 verbose stack     at Error (native)
53 verbose cwd /Users/user117062/Documents/previous/net/northapp
54 error Darwin 14.5.0
55 error argv "node" "/usr/local/bin/npm" "install" "-g" "cordova"
56 error node v0.12.9
57 error npm  v2.14.9
58 error path /usr/local/bin/cordova
59 error code EACCES
60 error errno -13
61 error Error: EACCES, unlink '/usr/local/bin/cordova'
61 error     at Error (native)
61 error  { [Error: EACCES, unlink '/usr/local/bin/cordova'] errno: -13, code: 'EACCES', path: '/usr/local/bin/cordova' }
62 error Please try running this command again as root/Administrator.
63 verbose exit [ -13, true ]
64 verbose unbuild lib/node_modules/cordova
65 info preuninstall cordova@6.0.0
66 info uninstall cordova@6.0.0
67 verbose unbuild rmStuff cordova@6.0.0 from /usr/local/lib/node_modules
68 silly gentlyRm /usr/local/bin/cordova is being gently removed
69 silly gentlyRm verifying /usr/local is an npm working directory
70 silly gentlyRm containing path /usr/local is under npm's control, in /usr/local
71 silly gentlyRm deletion target /usr/local/bin/cordova is under /usr/local
72 verbose gentlyRm vacuuming from /usr/local/bin/cordova up to /usr/local
73 silly vacuum-fs removing /usr/local/bin/cordova
74 error error rolling back Error: EACCES, unlink '/usr/local/bin/cordova'
74 error error rolling back     at Error (native)
74 error error rolling back  { [Error: EACCES, unlink '/usr/local/bin/cordova'] errno: -13, code: 'EACCES', path: '/usr/local/bin/cordova' }
